[2018-12-01T00:48:02,241][INFO ][o.e.c.r.a.DiskThresholdMonitor] [w4-p4KE] low disk watermark [85%] exceeded on [w4-p4KE4RJSXijXQNX6_mw][w4-p4KE][C:\Users\user1\Desktop\git\Lections_Share\elasticsearch-6.5.1\data\nodes\0] free: 5.4gb[13.1%], replicas will not be assigned to this node
[2018-12-01T00:48:33,217][INFO ][o.e.c.r.a.DiskThresholdMonitor] [w4-p4KE] low disk watermark [85%] exceeded on [w4-p4KE4RJSXijXQNX6_mw][w4-p4KE][C:\Users\user1\Desktop\git\Lections_Share\elasticsearch-6.5.1\data\nodes\0] free: 4.9gb[12.1%], replicas will not be assigned to this node
[2018-12-01T00:49:03,237][INFO ][o.e.c.r.a.DiskThresholdMonitor] [w4-p4KE] low disk watermark [85%] exceeded on [w4-p4KE4RJSXijXQNX6_mw][w4-p4KE][C:\Users\user1\Desktop\git\Lections_Share\elasticsearch-6.5.1\data\nodes\0] free: 4.9gb[12.1%], replicas will not be assigned to this node
[2018-12-01T00:49:33,260][INFO ][o.e.c.r.a.DiskThresholdMonitor] [w4-p4KE] low disk watermark [85%] exceeded on [w4-p4KE4RJSXijXQNX6_mw][w4-p4KE][C:\Users\user1\Desktop\git\Lections_Share\elasticsearch-6.5.1\data\nodes\0] free: 4.9gb[12.1%], replicas will not be assigned to this node
[2018-12-01T00:50:03,269][INFO ][o.e.c.r.a.DiskThresholdMonitor] [w4-p4KE] low disk watermark [85%] exceeded on [w4-p4KE4RJSXijXQNX6_mw][w4-p4KE][C:\Users\user1\Desktop\git\Lections_Share\elasticsearch-6.5.1\data\nodes\0] free: 4.9gb[12.1%], replicas will not be assigned to this node
[2018-12-01T00:50:33,274][INFO ][o.e.c.r.a.DiskThresholdMonitor] [w4-p4KE] low disk watermark [85%] exceeded on [w4-p4KE4RJSXijXQNX6_mw][w4-p4KE][C:\Users\user1\Desktop\git\Lections_Share\elasticsearch-6.5.1\data\nodes\0] free: 4.9gb[12.1%], replicas will not be assigned to this node
[2018-12-01T00:51:03,284][INFO ][o.e.c.r.a.DiskThresholdMonitor] [w4-p4KE] low disk watermark [85%] exceeded on [w4-p4KE4RJSXijXQNX6_mw][w4-p4KE][C:\Users\user1\Desktop\git\Lections_Share\elasticsearch-6.5.1\data\nodes\0] free: 4.9gb[12.1%], replicas will not be assigned to this node
[2018-12-01T00:51:33,286][INFO ][o.e.c.r.a.DiskThresholdMonitor] [w4-p4KE] low disk watermark [85%] exceeded on [w4-p4KE4RJSXijXQNX6_mw][w4-p4KE][C:\Users\user1\Desktop\git\Lections_Share\elasticsearch-6.5.1\data\nodes\0] free: 4.9gb[12.1%], replicas will not be assigned to this node
[2018-12-01T00:52:03,296][INFO ][o.e.c.r.a.DiskThresholdMonitor] [w4-p4KE] low disk watermark [85%] exceeded on [w4-p4KE4RJSXijXQNX6_mw][w4-p4KE][C:\Users\user1\Desktop\git\Lections_Share\elasticsearch-6.5.1\data\nodes\0] free: 4.9gb[12.1%], replicas will not be assigned to this node
[2018-12-01T00:52:33,301][INFO ][o.e.c.r.a.DiskThresholdMonitor] [w4-p4KE] low disk watermark [85%] exceeded on [w4-p4KE4RJSXijXQNX6_mw][w4-p4KE][C:\Users\user1\Desktop\git\Lections_Share\elasticsearch-6.5.1\data\nodes\0] free: 4.9gb[12.1%], replicas will not be assigned to this node
[2018-12-01T00:53:03,334][INFO ][o.e.c.r.a.DiskThresholdMonitor] [w4-p4KE] low disk watermark [85%] exceeded on [w4-p4KE4RJSXijXQNX6_mw][w4-p4KE][C:\Users\user1\Desktop\git\Lections_Share\elasticsearch-6.5.1\data\nodes\0] free: 4.9gb[12.1%], replicas will not be assigned to this node
[2018-12-01T00:53:33,343][INFO ][o.e.c.r.a.DiskThresholdMonitor] [w4-p4KE] low disk watermark [85%] exceeded on [w4-p4KE4RJSXijXQNX6_mw][w4-p4KE][C:\Users\user1\Desktop\git\Lections_Share\elasticsearch-6.5.1\data\nodes\0] free: 4.9gb[12.1%], replicas will not be assigned to this node
[2018-12-01T00:54:03,349][INFO ][o.e.c.r.a.DiskThresholdMonitor] [w4-p4KE] low disk watermark [85%] exceeded on [w4-p4KE4RJSXijXQNX6_mw][w4-p4KE][C:\Users\user1\Desktop\git\Lections_Share\elasticsearch-6.5.1\data\nodes\0] free: 4.9gb[12.1%], replicas will not be assigned to this node
[2018-12-01T00:54:33,374][INFO ][o.e.c.r.a.DiskThresholdMonitor] [w4-p4KE] low disk watermark [85%] exceeded on [w4-p4KE4RJSXijXQNX6_mw][w4-p4KE][C:\Users\user1\Desktop\git\Lections_Share\elasticsearch-6.5.1\data\nodes\0] free: 4.9gb[12.1%], replicas will not be assigned to this node
[2018-12-01T00:55:03,378][INFO ][o.e.c.r.a.DiskThresholdMonitor] [w4-p4KE] low disk watermark [85%] exceeded on [w4-p4KE4RJSXijXQNX6_mw][w4-p4KE][C:\Users\user1\Desktop\git\Lections_Share\elasticsearch-6.5.1\data\nodes\0] free: 4.9gb[12.1%], replicas will not be assigned to this node
[2018-12-01T00:55:33,384][INFO ][o.e.c.r.a.DiskThresholdMonitor] [w4-p4KE] low disk watermark [85%] exceeded on [w4-p4KE4RJSXijXQNX6_mw][w4-p4KE][C:\Users\user1\Desktop\git\Lections_Share\elasticsearch-6.5.1\data\nodes\0] free: 4.9gb[12.1%], replicas will not be assigned to this node
[2018-12-01T00:56:03,389][INFO ][o.e.c.r.a.DiskThresholdMonitor] [w4-p4KE] low disk watermark [85%] exceeded on [w4-p4KE4RJSXijXQNX6_mw][w4-p4KE][C:\Users\user1\Desktop\git\Lections_Share\elasticsearch-6.5.1\data\nodes\0] free: 4.9gb[12.1%], replicas will not be assigned to this node
[2018-12-01T00:56:33,399][INFO ][o.e.c.r.a.DiskThresholdMonitor] [w4-p4KE] low disk watermark [85%] exceeded on [w4-p4KE4RJSXijXQNX6_mw][w4-p4KE][C:\Users\user1\Desktop\git\Lections_Share\elasticsearch-6.5.1\data\nodes\0] free: 4.9gb[12.1%], replicas will not be assigned to this node
[2018-12-01T00:57:03,405][INFO ][o.e.c.r.a.DiskThresholdMonitor] [w4-p4KE] low disk watermark [85%] exceeded on [w4-p4KE4RJSXijXQNX6_mw][w4-p4KE][C:\Users\user1\Desktop\git\Lections_Share\elasticsearch-6.5.1\data\nodes\0] free: 4.9gb[12.1%], replicas will not be assigned to this node
[2018-12-01T00:57:33,418][INFO ][o.e.c.r.a.DiskThresholdMonitor] [w4-p4KE] low disk watermark [85%] exceeded on [w4-p4KE4RJSXijXQNX6_mw][w4-p4KE][C:\Users\user1\Desktop\git\Lections_Share\elasticsearch-6.5.1\data\nodes\0] free: 4.9gb[12.1%], replicas will not be assigned to this node
[2018-12-01T00:58:03,434][INFO ][o.e.c.r.a.DiskThresholdMonitor] [w4-p4KE] low disk watermark [85%] exceeded on [w4-p4KE4RJSXijXQNX6_mw][w4-p4KE][C:\Users\user1\Desktop\git\Lections_Share\elasticsearch-6.5.1\data\nodes\0] free: 4.9gb[12.1%], replicas will not be assigned to this node
[2018-12-01T00:58:33,437][INFO ][o.e.c.r.a.DiskThresholdMonitor] [w4-p4KE] low disk watermark [85%] exceeded on [w4-p4KE4RJSXijXQNX6_mw][w4-p4KE][C:\Users\user1\Desktop\git\Lections_Share\elasticsearch-6.5.1\data\nodes\0] free: 4.9gb[12.1%], replicas will not be assigned to this node
[2018-12-01T00:59:03,443][INFO ][o.e.c.r.a.DiskThresholdMonitor] [w4-p4KE] low disk watermark [85%] exceeded on [w4-p4KE4RJSXijXQNX6_mw][w4-p4KE][C:\Users\user1\Desktop\git\Lections_Share\elasticsearch-6.5.1\data\nodes\0] free: 4.9gb[12.1%], replicas will not be assigned to this node
[2018-12-01T00:59:33,450][INFO ][o.e.c.r.a.DiskThresholdMonitor] [w4-p4KE] low disk watermark [85%] exceeded on [w4-p4KE4RJSXijXQNX6_mw][w4-p4KE][C:\Users\user1\Desktop\git\Lections_Share\elasticsearch-6.5.1\data\nodes\0] free: 4.9gb[12.1%], replicas will not be assigned to this node
[2018-12-01T01:00:03,539][INFO ][o.e.c.r.a.DiskThresholdMonitor] [w4-p4KE] low disk watermark [85%] exceeded on [w4-p4KE4RJSXijXQNX6_mw][w4-p4KE][C:\Users\user1\Desktop\git\Lections_Share\elasticsearch-6.5.1\data\nodes\0] free: 4.9gb[12.1%], replicas will not be assigned to this node
[2018-12-01T01:00:33,544][INFO ][o.e.c.r.a.DiskThresholdMonitor] [w4-p4KE] low disk watermark [85%] exceeded on [w4-p4KE4RJSXijXQNX6_mw][w4-p4KE][C:\Users\user1\Desktop\git\Lections_Share\elasticsearch-6.5.1\data\nodes\0] free: 4.9gb[12.1%], replicas will not be assigned to this node
[2018-12-01T01:01:03,547][INFO ][o.e.c.r.a.DiskThresholdMonitor] [w4-p4KE] low disk watermark [85%] exceeded on [w4-p4KE4RJSXijXQNX6_mw][w4-p4KE][C:\Users\user1\Desktop\git\Lections_Share\elasticsearch-6.5.1\data\nodes\0] free: 4.9gb[12.1%], replicas will not be assigned to this node
[2018-12-01T01:01:33,551][INFO ][o.e.c.r.a.DiskThresholdMonitor] [w4-p4KE] low disk watermark [85%] exceeded on [w4-p4KE4RJSXijXQNX6_mw][w4-p4KE][C:\Users\user1\Desktop\git\Lections_Share\elasticsearch-6.5.1\data\nodes\0] free: 4.9gb[12.1%], replicas will not be assigned to this node
[2018-12-01T01:02:03,559][INFO ][o.e.c.r.a.DiskThresholdMonitor] [w4-p4KE] low disk watermark [85%] exceeded on [w4-p4KE4RJSXijXQNX6_mw][w4-p4KE][C:\Users\user1\Desktop\git\Lections_Share\elasticsearch-6.5.1\data\nodes\0] free: 4.9gb[12.1%], replicas will not be assigned to this node
[2018-12-01T01:02:33,562][INFO ][o.e.c.r.a.DiskThresholdMonitor] [w4-p4KE] low disk watermark [85%] exceeded on [w4-p4KE4RJSXijXQNX6_mw][w4-p4KE][C:\Users\user1\Desktop\git\Lections_Share\elasticsearch-6.5.1\data\nodes\0] free: 4.9gb[12.1%], replicas will not be assigned to this node
[2018-12-01T01:03:03,571][INFO ][o.e.c.r.a.DiskThresholdMonitor] [w4-p4KE] low disk watermark [85%] exceeded on [w4-p4KE4RJSXijXQNX6_mw][w4-p4KE][C:\Users\user1\Desktop\git\Lections_Share\elasticsearch-6.5.1\data\nodes\0] free: 4.9gb[12.1%], replicas will not be assigned to this node
[2018-12-01T01:03:24,736][INFO ][o.e.m.j.JvmGcMonitorService] [w4-p4KE] [gc][27374] overhead, spent [305ms] collecting in the last [1s]
[2018-12-01T01:03:33,574][INFO ][o.e.c.r.a.DiskThresholdMonitor] [w4-p4KE] low disk watermark [85%] exceeded on [w4-p4KE4RJSXijXQNX6_mw][w4-p4KE][C:\Users\user1\Desktop\git\Lections_Share\elasticsearch-6.5.1\data\nodes\0] free: 4.9gb[12.1%], replicas will not be assigned to this node
[2018-12-01T01:04:03,582][INFO ][o.e.c.r.a.DiskThresholdMonitor] [w4-p4KE] low disk watermark [85%] exceeded on [w4-p4KE4RJSXijXQNX6_mw][w4-p4KE][C:\Users\user1\Desktop\git\Lections_Share\elasticsearch-6.5.1\data\nodes\0] free: 4.9gb[12.1%], replicas will not be assigned to this node
[2018-12-01T01:04:33,587][INFO ][o.e.c.r.a.DiskThresholdMonitor] [w4-p4KE] low disk watermark [85%] exceeded on [w4-p4KE4RJSXijXQNX6_mw][w4-p4KE][C:\Users\user1\Desktop\git\Lections_Share\elasticsearch-6.5.1\data\nodes\0] free: 4.9gb[12.1%], replicas will not be assigned to this node
[2018-12-01T01:05:03,604][INFO ][o.e.c.r.a.DiskThresholdMonitor] [w4-p4KE] low disk watermark [85%] exceeded on [w4-p4KE4RJSXijXQNX6_mw][w4-p4KE][C:\Users\user1\Desktop\git\Lections_Share\elasticsearch-6.5.1\data\nodes\0] free: 4.9gb[12.1%], replicas will not be assigned to this node
[2018-12-01T01:05:33,609][INFO ][o.e.c.r.a.DiskThresholdMonitor] [w4-p4KE] low disk watermark [85%] exceeded on [w4-p4KE4RJSXijXQNX6_mw][w4-p4KE][C:\Users\user1\Desktop\git\Lections_Share\elasticsearch-6.5.1\data\nodes\0] free: 4.9gb[12.1%], replicas will not be assigned to this node
[2018-12-01T01:06:03,614][INFO ][o.e.c.r.a.DiskThresholdMonitor] [w4-p4KE] low disk watermark [85%] exceeded on [w4-p4KE4RJSXijXQNX6_mw][w4-p4KE][C:\Users\user1\Desktop\git\Lections_Share\elasticsearch-6.5.1\data\nodes\0] free: 4.9gb[12.1%], replicas will not be assigned to this node
[2018-12-01T01:06:33,619][INFO ][o.e.c.r.a.DiskThresholdMonitor] [w4-p4KE] low disk watermark [85%] exceeded on [w4-p4KE4RJSXijXQNX6_mw][w4-p4KE][C:\Users\user1\Desktop\git\Lections_Share\elasticsearch-6.5.1\data\nodes\0] free: 4.9gb[12.1%], replicas will not be assigned to this node
[2018-12-01T01:07:03,625][INFO ][o.e.c.r.a.DiskThresholdMonitor] [w4-p4KE] low disk watermark [85%] exceeded on [w4-p4KE4RJSXijXQNX6_mw][w4-p4KE][C:\Users\user1\Desktop\git\Lections_Share\elasticsearch-6.5.1\data\nodes\0] free: 4.9gb[12.1%], replicas will not be assigned to this node
[2018-12-01T01:07:33,631][INFO ][o.e.c.r.a.DiskThresholdMonitor] [w4-p4KE] low disk watermark [85%] exceeded on [w4-p4KE4RJSXijXQNX6_mw][w4-p4KE][C:\Users\user1\Desktop\git\Lections_Share\elasticsearch-6.5.1\data\nodes\0] free: 4.9gb[12.1%], replicas will not be assigned to this node
[2018-12-01T01:08:03,637][INFO ][o.e.c.r.a.DiskThresholdMonitor] [w4-p4KE] low disk watermark [85%] exceeded on [w4-p4KE4RJSXijXQNX6_mw][w4-p4KE][C:\Users\user1\Desktop\git\Lections_Share\elasticsearch-6.5.1\data\nodes\0] free: 4.9gb[12.1%], replicas will not be assigned to this node
[2018-12-01T01:08:33,639][INFO ][o.e.c.r.a.DiskThresholdMonitor] [w4-p4KE] low disk watermark [85%] exceeded on [w4-p4KE4RJSXijXQNX6_mw][w4-p4KE][C:\Users\user1\Desktop\git\Lections_Share\elasticsearch-6.5.1\data\nodes\0] free: 4.9gb[12.1%], replicas will not be assigned to this node
[2018-12-01T01:09:03,646][INFO ][o.e.c.r.a.DiskThresholdMonitor] [w4-p4KE] low disk watermark [85%] exceeded on [w4-p4KE4RJSXijXQNX6_mw][w4-p4KE][C:\Users\user1\Desktop\git\Lections_Share\elasticsearch-6.5.1\data\nodes\0] free: 4.9gb[12.1%], replicas will not be assigned to this node
[2018-12-01T01:09:33,649][INFO ][o.e.c.r.a.DiskThresholdMonitor] [w4-p4KE] low disk watermark [85%] exceeded on [w4-p4KE4RJSXijXQNX6_mw][w4-p4KE][C:\Users\user1\Desktop\git\Lections_Share\elasticsearch-6.5.1\data\nodes\0] free: 4.9gb[12.1%], replicas will not be assigned to this node
[2018-12-01T01:10:03,724][INFO ][o.e.c.r.a.DiskThresholdMonitor] [w4-p4KE] low disk watermark [85%] exceeded on [w4-p4KE4RJSXijXQNX6_mw][w4-p4KE][C:\Users\user1\Desktop\git\Lections_Share\elasticsearch-6.5.1\data\nodes\0] free: 4.9gb[12.1%], replicas will not be assigned to this node
[2018-12-01T01:10:33,861][INFO ][o.e.c.r.a.DiskThresholdMonitor] [w4-p4KE] low disk watermark [85%] exceeded on [w4-p4KE4RJSXijXQNX6_mw][w4-p4KE][C:\Users\user1\Desktop\git\Lections_Share\elasticsearch-6.5.1\data\nodes\0] free: 4.9gb[12.1%], replicas will not be assigned to this node
[2018-12-01T01:11:03,951][INFO ][o.e.c.r.a.DiskThresholdMonitor] [w4-p4KE] low disk watermark [85%] exceeded on [w4-p4KE4RJSXijXQNX6_mw][w4-p4KE][C:\Users\user1\Desktop\git\Lections_Share\elasticsearch-6.5.1\data\nodes\0] free: 4.9gb[12.1%], replicas will not be assigned to this node
[2018-12-01T01:11:33,957][INFO ][o.e.c.r.a.DiskThresholdMonitor] [w4-p4KE] low disk watermark [85%] exceeded on [w4-p4KE4RJSXijXQNX6_mw][w4-p4KE][C:\Users\user1\Desktop\git\Lections_Share\elasticsearch-6.5.1\data\nodes\0] free: 4.9gb[12.1%], replicas will not be assigned to this node
[2018-12-01T01:12:03,961][INFO ][o.e.c.r.a.DiskThresholdMonitor] [w4-p4KE] low disk watermark [85%] exceeded on [w4-p4KE4RJSXijXQNX6_mw][w4-p4KE][C:\Users\user1\Desktop\git\Lections_Share\elasticsearch-6.5.1\data\nodes\0] free: 4.9gb[12.1%], replicas will not be assigned to this node
[2018-12-01T01:12:33,967][INFO ][o.e.c.r.a.DiskThresholdMonitor] [w4-p4KE] low disk watermark [85%] exceeded on [w4-p4KE4RJSXijXQNX6_mw][w4-p4KE][C:\Users\user1\Desktop\git\Lections_Share\elasticsearch-6.5.1\data\nodes\0] free: 4.9gb[12.1%], replicas will not be assigned to this node
[2018-12-01T01:13:03,973][INFO ][o.e.c.r.a.DiskThresholdMonitor] [w4-p4KE] low disk watermark [85%] exceeded on [w4-p4KE4RJSXijXQNX6_mw][w4-p4KE][C:\Users\user1\Desktop\git\Lections_Share\elasticsearch-6.5.1\data\nodes\0] free: 4.9gb[12.1%], replicas will not be assigned to this node
[2018-12-01T01:13:33,981][INFO ][o.e.c.r.a.DiskThresholdMonitor] [w4-p4KE] low disk watermark [85%] exceeded on [w4-p4KE4RJSXijXQNX6_mw][w4-p4KE][C:\Users\user1\Desktop\git\Lections_Share\elasticsearch-6.5.1\data\nodes\0] free: 4.9gb[12.1%], replicas will not be assigned to this node
[2018-12-01T01:14:03,983][INFO ][o.e.c.r.a.DiskThresholdMonitor] [w4-p4KE] low disk watermark [85%] exceeded on [w4-p4KE4RJSXijXQNX6_mw][w4-p4KE][C:\Users\user1\Desktop\git\Lections_Share\elasticsearch-6.5.1\data\nodes\0] free: 4.9gb[12.1%], replicas will not be assigned to this node
[2018-12-01T01:14:33,989][INFO ][o.e.c.r.a.DiskThresholdMonitor] [w4-p4KE] low disk watermark [85%] exceeded on [w4-p4KE4RJSXijXQNX6_mw][w4-p4KE][C:\Users\user1\Desktop\git\Lections_Share\elasticsearch-6.5.1\data\nodes\0] free: 4.9gb[12.1%], replicas will not be assigned to this node
[2018-12-01T01:15:03,993][INFO ][o.e.c.r.a.DiskThresholdMonitor] [w4-p4KE] low disk watermark [85%] exceeded on [w4-p4KE4RJSXijXQNX6_mw][w4-p4KE][C:\Users\user1\Desktop\git\Lections_Share\elasticsearch-6.5.1\data\nodes\0] free: 4.9gb[12.1%], replicas will not be assigned to this node
[2018-12-01T01:15:33,999][INFO ][o.e.c.r.a.DiskThresholdMonitor] [w4-p4KE] low disk watermark [85%] exceeded on [w4-p4KE4RJSXijXQNX6_mw][w4-p4KE][C:\Users\user1\Desktop\git\Lections_Share\elasticsearch-6.5.1\data\nodes\0] free: 4.9gb[12.1%], replicas will not be assigned to this node
[2018-12-01T01:16:04,018][INFO ][o.e.c.r.a.DiskThresholdMonitor] [w4-p4KE] low disk watermark [85%] exceeded on [w4-p4KE4RJSXijXQNX6_mw][w4-p4KE][C:\Users\user1\Desktop\git\Lections_Share\elasticsearch-6.5.1\data\nodes\0] free: 4.9gb[12.1%], replicas will not be assigned to this node
[2018-12-01T01:16:34,056][INFO ][o.e.c.r.a.DiskThresholdMonitor] [w4-p4KE] low disk watermark [85%] exceeded on [w4-p4KE4RJSXijXQNX6_mw][w4-p4KE][C:\Users\user1\Desktop\git\Lections_Share\elasticsearch-6.5.1\data\nodes\0] free: 4.9gb[12.1%], replicas will not be assigned to this node
[2018-12-01T01:17:04,088][INFO ][o.e.c.r.a.DiskThresholdMonitor] [w4-p4KE] low disk watermark [85%] exceeded on [w4-p4KE4RJSXijXQNX6_mw][w4-p4KE][C:\Users\user1\Desktop\git\Lections_Share\elasticsearch-6.5.1\data\nodes\0] free: 4.9gb[12.1%], replicas will not be assigned to this node
[2018-12-01T01:17:34,097][INFO ][o.e.c.r.a.DiskThresholdMonitor] [w4-p4KE] low disk watermark [85%] exceeded on [w4-p4KE4RJSXijXQNX6_mw][w4-p4KE][C:\Users\user1\Desktop\git\Lections_Share\elasticsearch-6.5.1\data\nodes\0] free: 4.9gb[12.1%], replicas will not be assigned to this node
[2018-12-01T01:18:04,101][INFO ][o.e.c.r.a.DiskThresholdMonitor] [w4-p4KE] low disk watermark [85%] exceeded on [w4-p4KE4RJSXijXQNX6_mw][w4-p4KE][C:\Users\user1\Desktop\git\Lections_Share\elasticsearch-6.5.1\data\nodes\0] free: 4.9gb[12.1%], replicas will not be assigned to this node
[2018-12-01T01:18:34,110][INFO ][o.e.c.r.a.DiskThresholdMonitor] [w4-p4KE] low disk watermark [85%] exceeded on [w4-p4KE4RJSXijXQNX6_mw][w4-p4KE][C:\Users\user1\Desktop\git\Lections_Share\elasticsearch-6.5.1\data\nodes\0] free: 4.9gb[12.1%], replicas will not be assigned to this node
[2018-12-01T01:19:04,113][INFO ][o.e.c.r.a.DiskThresholdMonitor] [w4-p4KE] low disk watermark [85%] exceeded on [w4-p4KE4RJSXijXQNX6_mw][w4-p4KE][C:\Users\user1\Desktop\git\Lections_Share\elasticsearch-6.5.1\data\nodes\0] free: 4.9gb[12.1%], replicas will not be assigned to this node
[2018-12-01T01:19:34,119][INFO ][o.e.c.r.a.DiskThresholdMonitor] [w4-p4KE] low disk watermark [85%] exceeded on [w4-p4KE4RJSXijXQNX6_mw][w4-p4KE][C:\Users\user1\Desktop\git\Lections_Share\elasticsearch-6.5.1\data\nodes\0] free: 4.9gb[12.1%], replicas will not be assigned to this node
[2018-12-01T01:20:04,149][INFO ][o.e.c.r.a.DiskThresholdMonitor] [w4-p4KE] low disk watermark [85%] exceeded on [w4-p4KE4RJSXijXQNX6_mw][w4-p4KE][C:\Users\user1\Desktop\git\Lections_Share\elasticsearch-6.5.1\data\nodes\0] free: 4.9gb[12.1%], replicas will not be assigned to this node
[2018-12-01T01:20:34,156][INFO ][o.e.c.r.a.DiskThresholdMonitor] [w4-p4KE] low disk watermark [85%] exceeded on [w4-p4KE4RJSXijXQNX6_mw][w4-p4KE][C:\Users\user1\Desktop\git\Lections_Share\elasticsearch-6.5.1\data\nodes\0] free: 4.9gb[12.1%], replicas will not be assigned to this node
[2018-12-01T01:21:04,161][INFO ][o.e.c.r.a.DiskThresholdMonitor] [w4-p4KE] low disk watermark [85%] exceeded on [w4-p4KE4RJSXijXQNX6_mw][w4-p4KE][C:\Users\user1\Desktop\git\Lections_Share\elasticsearch-6.5.1\data\nodes\0] free: 4.9gb[12.1%], replicas will not be assigned to this node
[2018-12-01T01:21:34,168][INFO ][o.e.c.r.a.DiskThresholdMonitor] [w4-p4KE] low disk watermark [85%] exceeded on [w4-p4KE4RJSXijXQNX6_mw][w4-p4KE][C:\Users\user1\Desktop\git\Lections_Share\elasticsearch-6.5.1\data\nodes\0] free: 4.9gb[12.1%], replicas will not be assigned to this node
[2018-12-01T01:22:04,174][INFO ][o.e.c.r.a.DiskThresholdMonitor] [w4-p4KE] low disk watermark [85%] exceeded on [w4-p4KE4RJSXijXQNX6_mw][w4-p4KE][C:\Users\user1\Desktop\git\Lections_Share\elasticsearch-6.5.1\data\nodes\0] free: 4.9gb[12.1%], replicas will not be assigned to this node
[2018-12-01T01:22:34,183][INFO ][o.e.c.r.a.DiskThresholdMonitor] [w4-p4KE] low disk watermark [85%] exceeded on [w4-p4KE4RJSXijXQNX6_mw][w4-p4KE][C:\Users\user1\Desktop\git\Lections_Share\elasticsearch-6.5.1\data\nodes\0] free: 4.9gb[12.1%], replicas will not be assigned to this node
[2018-12-01T01:23:04,191][INFO ][o.e.c.r.a.DiskThresholdMonitor] [w4-p4KE] low disk watermark [85%] exceeded on [w4-p4KE4RJSXijXQNX6_mw][w4-p4KE][C:\Users\user1\Desktop\git\Lections_Share\elasticsearch-6.5.1\data\nodes\0] free: 4.9gb[12.1%], replicas will not be assigned to this node
[2018-12-01T01:23:34,201][INFO ][o.e.c.r.a.DiskThresholdMonitor] [w4-p4KE] low disk watermark [85%] exceeded on [w4-p4KE4RJSXijXQNX6_mw][w4-p4KE][C:\Users\user1\Desktop\git\Lections_Share\elasticsearch-6.5.1\data\nodes\0] free: 4.9gb[12.1%], replicas will not be assigned to this node
[2018-12-01T01:24:04,219][INFO ][o.e.c.r.a.DiskThresholdMonitor] [w4-p4KE] low disk watermark [85%] exceeded on [w4-p4KE4RJSXijXQNX6_mw][w4-p4KE][C:\Users\user1\Desktop\git\Lections_Share\elasticsearch-6.5.1\data\nodes\0] free: 4.9gb[12.1%], replicas will not be assigned to this node
[2018-12-01T01:24:34,223][INFO ][o.e.c.r.a.DiskThresholdMonitor] [w4-p4KE] low disk watermark [85%] exceeded on [w4-p4KE4RJSXijXQNX6_mw][w4-p4KE][C:\Users\user1\Desktop\git\Lections_Share\elasticsearch-6.5.1\data\nodes\0] free: 4.9gb[12.1%], replicas will not be assigned to this node
[2018-12-01T01:25:04,249][INFO ][o.e.c.r.a.DiskThresholdMonitor] [w4-p4KE] low disk watermark [85%] exceeded on [w4-p4KE4RJSXijXQNX6_mw][w4-p4KE][C:\Users\user1\Desktop\git\Lections_Share\elasticsearch-6.5.1\data\nodes\0] free: 4.9gb[12.1%], replicas will not be assigned to this node
[2018-12-01T01:25:34,255][INFO ][o.e.c.r.a.DiskThresholdMonitor] [w4-p4KE] low disk watermark [85%] exceeded on [w4-p4KE4RJSXijXQNX6_mw][w4-p4KE][C:\Users\user1\Desktop\git\Lections_Share\elasticsearch-6.5.1\data\nodes\0] free: 4.9gb[12.1%], replicas will not be assigned to this node
[2018-12-01T01:26:04,261][INFO ][o.e.c.r.a.DiskThresholdMonitor] [w4-p4KE] low disk watermark [85%] exceeded on [w4-p4KE4RJSXijXQNX6_mw][w4-p4KE][C:\Users\user1\Desktop\git\Lections_Share\elasticsearch-6.5.1\data\nodes\0] free: 4.9gb[12.1%], replicas will not be assigned to this node
[2018-12-01T01:26:34,265][INFO ][o.e.c.r.a.DiskThresholdMonitor] [w4-p4KE] low disk watermark [85%] exceeded on [w4-p4KE4RJSXijXQNX6_mw][w4-p4KE][C:\Users\user1\Desktop\git\Lections_Share\elasticsearch-6.5.1\data\nodes\0] free: 4.9gb[12.1%], replicas will not be assigned to this node
[2018-12-01T01:27:04,614][INFO ][o.e.c.r.a.DiskThresholdMonitor] [w4-p4KE] low disk watermark [85%] exceeded on [w4-p4KE4RJSXijXQNX6_mw][w4-p4KE][C:\Users\user1\Desktop\git\Lections_Share\elasticsearch-6.5.1\data\nodes\0] free: 4.9gb[12.1%], replicas will not be assigned to this node
[2018-12-01T01:27:34,865][INFO ][o.e.c.r.a.DiskThresholdMonitor] [w4-p4KE] low disk watermark [85%] exceeded on [w4-p4KE4RJSXijXQNX6_mw][w4-p4KE][C:\Users\user1\Desktop\git\Lections_Share\elasticsearch-6.5.1\data\nodes\0] free: 4.9gb[12.1%], replicas will not be assigned to this node
[2018-12-01T01:28:04,873][INFO ][o.e.c.r.a.DiskThresholdMonitor] [w4-p4KE] low disk watermark [85%] exceeded on [w4-p4KE4RJSXijXQNX6_mw][w4-p4KE][C:\Users\user1\Desktop\git\Lections_Share\elasticsearch-6.5.1\data\nodes\0] free: 4.9gb[12.1%], replicas will not be assigned to this node
[2018-12-01T01:28:34,879][INFO ][o.e.c.r.a.DiskThresholdMonitor] [w4-p4KE] low disk watermark [85%] exceeded on [w4-p4KE4RJSXijXQNX6_mw][w4-p4KE][C:\Users\user1\Desktop\git\Lections_Share\elasticsearch-6.5.1\data\nodes\0] free: 4.9gb[12.1%], replicas will not be assigned to this node
[2018-12-01T01:29:04,885][INFO ][o.e.c.r.a.DiskThresholdMonitor] [w4-p4KE] low disk watermark [85%] exceeded on [w4-p4KE4RJSXijXQNX6_mw][w4-p4KE][C:\Users\user1\Desktop\git\Lections_Share\elasticsearch-6.5.1\data\nodes\0] free: 4.9gb[12.1%], replicas will not be assigned to this node
[2018-12-01T01:29:34,890][INFO ][o.e.c.r.a.DiskThresholdMonitor] [w4-p4KE] low disk watermark [85%] exceeded on [w4-p4KE4RJSXijXQNX6_mw][w4-p4KE][C:\Users\user1\Desktop\git\Lections_Share\elasticsearch-6.5.1\data\nodes\0] free: 4.9gb[12.1%], replicas will not be assigned to this node
[2018-12-01T01:29:56,827][INFO ][o.e.x.m.MlDailyMaintenanceService] [w4-p4KE] triggering scheduled [ML] maintenance tasks
[2018-12-01T01:29:56,879][INFO ][o.e.x.m.a.TransportDeleteExpiredDataAction] [w4-p4KE] Deleting expired data
[2018-12-01T01:29:57,792][INFO ][o.e.x.m.a.TransportDeleteExpiredDataAction] [w4-p4KE] Completed deletion of expired data
[2018-12-01T01:29:57,796][INFO ][o.e.x.m.MlDailyMaintenanceService] [w4-p4KE] Successfully completed [ML] maintenance tasks
[2018-12-01T01:30:04,894][INFO ][o.e.c.r.a.DiskThresholdMonitor] [w4-p4KE] low disk watermark [85%] exceeded on [w4-p4KE4RJSXijXQNX6_mw][w4-p4KE][C:\Users\user1\Desktop\git\Lections_Share\elasticsearch-6.5.1\data\nodes\0] free: 4.9gb[12.1%], replicas will not be assigned to this node
[2018-12-01T01:30:34,914][INFO ][o.e.c.r.a.DiskThresholdMonitor] [w4-p4KE] low disk watermark [85%] exceeded on [w4-p4KE4RJSXijXQNX6_mw][w4-p4KE][C:\Users\user1\Desktop\git\Lections_Share\elasticsearch-6.5.1\data\nodes\0] free: 4.9gb[12.1%], replicas will not be assigned to this node
[2018-12-01T01:31:04,919][INFO ][o.e.c.r.a.DiskThresholdMonitor] [w4-p4KE] low disk watermark [85%] exceeded on [w4-p4KE4RJSXijXQNX6_mw][w4-p4KE][C:\Users\user1\Desktop\git\Lections_Share\elasticsearch-6.5.1\data\nodes\0] free: 4.9gb[12.1%], replicas will not be assigned to this node
[2018-12-01T01:31:34,924][INFO ][o.e.c.r.a.DiskThresholdMonitor] [w4-p4KE] low disk watermark [85%] exceeded on [w4-p4KE4RJSXijXQNX6_mw][w4-p4KE][C:\Users\user1\Desktop\git\Lections_Share\elasticsearch-6.5.1\data\nodes\0] free: 4.9gb[12.1%], replicas will not be assigned to this node
[2018-12-01T01:32:04,943][INFO ][o.e.c.r.a.DiskThresholdMonitor] [w4-p4KE] low disk watermark [85%] exceeded on [w4-p4KE4RJSXijXQNX6_mw][w4-p4KE][C:\Users\user1\Desktop\git\Lections_Share\elasticsearch-6.5.1\data\nodes\0] free: 4.9gb[12.1%], replicas will not be assigned to this node
[2018-12-01T01:32:34,964][INFO ][o.e.c.r.a.DiskThresholdMonitor] [w4-p4KE] low disk watermark [85%] exceeded on [w4-p4KE4RJSXijXQNX6_mw][w4-p4KE][C:\Users\user1\Desktop\git\Lections_Share\elasticsearch-6.5.1\data\nodes\0] free: 4.9gb[12.1%], replicas will not be assigned to this node
[2018-12-01T01:33:04,968][INFO ][o.e.c.r.a.DiskThresholdMonitor] [w4-p4KE] low disk watermark [85%] exceeded on [w4-p4KE4RJSXijXQNX6_mw][w4-p4KE][C:\Users\user1\Desktop\git\Lections_Share\elasticsearch-6.5.1\data\nodes\0] free: 4.9gb[12.1%], replicas will not be assigned to this node
[2018-12-01T01:33:34,974][INFO ][o.e.c.r.a.DiskThresholdMonitor] [w4-p4KE] low disk watermark [85%] exceeded on [w4-p4KE4RJSXijXQNX6_mw][w4-p4KE][C:\Users\user1\Desktop\git\Lections_Share\elasticsearch-6.5.1\data\nodes\0] free: 4.9gb[12.1%], replicas will not be assigned to this node
[2018-12-01T01:34:04,984][INFO ][o.e.c.r.a.DiskThresholdMonitor] [w4-p4KE] low disk watermark [85%] exceeded on [w4-p4KE4RJSXijXQNX6_mw][w4-p4KE][C:\Users\user1\Desktop\git\Lections_Share\elasticsearch-6.5.1\data\nodes\0] free: 4.9gb[12.1%], replicas will not be assigned to this node
[2018-12-01T01:34:34,988][INFO ][o.e.c.r.a.DiskThresholdMonitor] [w4-p4KE] low disk watermark [85%] exceeded on [w4-p4KE4RJSXijXQNX6_mw][w4-p4KE][C:\Users\user1\Desktop\git\Lections_Share\elasticsearch-6.5.1\data\nodes\0] free: 4.9gb[12.1%], replicas will not be assigned to this node
[2018-12-01T01:35:04,995][INFO ][o.e.c.r.a.DiskThresholdMonitor] [w4-p4KE] low disk watermark [85%] exceeded on [w4-p4KE4RJSXijXQNX6_mw][w4-p4KE][C:\Users\user1\Desktop\git\Lections_Share\elasticsearch-6.5.1\data\nodes\0] free: 4.9gb[12.1%], replicas will not be assigned to this node
[2018-12-01T01:35:34,999][INFO ][o.e.c.r.a.DiskThresholdMonitor] [w4-p4KE] low disk watermark [85%] exceeded on [w4-p4KE4RJSXijXQNX6_mw][w4-p4KE][C:\Users\user1\Desktop\git\Lections_Share\elasticsearch-6.5.1\data\nodes\0] free: 4.9gb[12.1%], replicas will not be assigned to this node
[2018-12-01T01:36:05,004][INFO ][o.e.c.r.a.DiskThresholdMonitor] [w4-p4KE] low disk watermark [85%] exceeded on [w4-p4KE4RJSXijXQNX6_mw][w4-p4KE][C:\Users\user1\Desktop\git\Lections_Share\elasticsearch-6.5.1\data\nodes\0] free: 4.9gb[12.1%], replicas will not be assigned to this node
[2018-12-01T01:36:35,031][INFO ][o.e.c.r.a.DiskThresholdMonitor] [w4-p4KE] low disk watermark [85%] exceeded on [w4-p4KE4RJSXijXQNX6_mw][w4-p4KE][C:\Users\user1\Desktop\git\Lections_Share\elasticsearch-6.5.1\data\nodes\0] free: 4.9gb[12.1%], replicas will not be assigned to this node
[2018-12-01T01:37:05,033][INFO ][o.e.c.r.a.DiskThresholdMonitor] [w4-p4KE] low disk watermark [85%] exceeded on [w4-p4KE4RJSXijXQNX6_mw][w4-p4KE][C:\Users\user1\Desktop\git\Lections_Share\elasticsearch-6.5.1\data\nodes\0] free: 4.9gb[12.1%], replicas will not be assigned to this node
[2018-12-01T01:37:35,046][INFO ][o.e.c.r.a.DiskThresholdMonitor] [w4-p4KE] low disk watermark [85%] exceeded on [w4-p4KE4RJSXijXQNX6_mw][w4-p4KE][C:\Users\user1\Desktop\git\Lections_Share\elasticsearch-6.5.1\data\nodes\0] free: 4.9gb[12.1%], replicas will not be assigned to this node
[2018-12-01T01:38:05,051][INFO ][o.e.c.r.a.DiskThresholdMonitor] [w4-p4KE] low disk watermark [85%] exceeded on [w4-p4KE4RJSXijXQNX6_mw][w4-p4KE][C:\Users\user1\Desktop\git\Lections_Share\elasticsearch-6.5.1\data\nodes\0] free: 4.9gb[12.1%], replicas will not be assigned to this node
[2018-12-01T01:38:35,062][INFO ][o.e.c.r.a.DiskThresholdMonitor] [w4-p4KE] low disk watermark [85%] exceeded on [w4-p4KE4RJSXijXQNX6_mw][w4-p4KE][C:\Users\user1\Desktop\git\Lections_Share\elasticsearch-6.5.1\data\nodes\0] free: 4.9gb[12.1%], replicas will not be assigned to this node
[2018-12-01T01:39:05,066][INFO ][o.e.c.r.a.DiskThresholdMonitor] [w4-p4KE] low disk watermark [85%] exceeded on [w4-p4KE4RJSXijXQNX6_mw][w4-p4KE][C:\Users\user1\Desktop\git\Lections_Share\elasticsearch-6.5.1\data\nodes\0] free: 4.9gb[12.1%], replicas will not be assigned to this node
[2018-12-01T01:39:35,071][INFO ][o.e.c.r.a.DiskThresholdMonitor] [w4-p4KE] low disk watermark [85%] exceeded on [w4-p4KE4RJSXijXQNX6_mw][w4-p4KE][C:\Users\user1\Desktop\git\Lections_Share\elasticsearch-6.5.1\data\nodes\0] free: 4.9gb[12.1%], replicas will not be assigned to this node
[2018-12-01T01:40:05,087][INFO ][o.e.c.r.a.DiskThresholdMonitor] [w4-p4KE] low disk watermark [85%] exceeded on [w4-p4KE4RJSXijXQNX6_mw][w4-p4KE][C:\Users\user1\Desktop\git\Lections_Share\elasticsearch-6.5.1\data\nodes\0] free: 4.9gb[12.1%], replicas will not be assigned to this node
[2018-12-01T01:40:35,094][INFO ][o.e.c.r.a.DiskThresholdMonitor] [w4-p4KE] low disk watermark [85%] exceeded on [w4-p4KE4RJSXijXQNX6_mw][w4-p4KE][C:\Users\user1\Desktop\git\Lections_Share\elasticsearch-6.5.1\data\nodes\0] free: 4.9gb[12.1%], replicas will not be assigned to this node
[2018-12-01T01:41:05,104][INFO ][o.e.c.r.a.DiskThresholdMonitor] [w4-p4KE] low disk watermark [85%] exceeded on [w4-p4KE4RJSXijXQNX6_mw][w4-p4KE][C:\Users\user1\Desktop\git\Lections_Share\elasticsearch-6.5.1\data\nodes\0] free: 4.9gb[12.1%], replicas will not be assigned to this node
[2018-12-01T01:41:35,115][INFO ][o.e.c.r.a.DiskThresholdMonitor] [w4-p4KE] low disk watermark [85%] exceeded on [w4-p4KE4RJSXijXQNX6_mw][w4-p4KE][C:\Users\user1\Desktop\git\Lections_Share\elasticsearch-6.5.1\data\nodes\0] free: 4.9gb[12.1%], replicas will not be assigned to this node
[2018-12-01T01:42:05,121][INFO ][o.e.c.r.a.DiskThresholdMonitor] [w4-p4KE] low disk watermark [85%] exceeded on [w4-p4KE4RJSXijXQNX6_mw][w4-p4KE][C:\Users\user1\Desktop\git\Lections_Share\elasticsearch-6.5.1\data\nodes\0] free: 4.9gb[12.1%], replicas will not be assigned to this node
[2018-12-01T01:42:35,186][INFO ][o.e.c.r.a.DiskThresholdMonitor] [w4-p4KE] low disk watermark [85%] exceeded on [w4-p4KE4RJSXijXQNX6_mw][w4-p4KE][C:\Users\user1\Desktop\git\Lections_Share\elasticsearch-6.5.1\data\nodes\0] free: 4.9gb[12.1%], replicas will not be assigned to this node
[2018-12-01T01:43:05,289][INFO ][o.e.c.r.a.DiskThresholdMonitor] [w4-p4KE] low disk watermark [85%] exceeded on [w4-p4KE4RJSXijXQNX6_mw][w4-p4KE][C:\Users\user1\Desktop\git\Lections_Share\elasticsearch-6.5.1\data\nodes\0] free: 4.9gb[12.1%], replicas will not be assigned to this node
[2018-12-01T01:43:35,294][INFO ][o.e.c.r.a.DiskThresholdMonitor] [w4-p4KE] low disk watermark [85%] exceeded on [w4-p4KE4RJSXijXQNX6_mw][w4-p4KE][C:\Users\user1\Desktop\git\Lections_Share\elasticsearch-6.5.1\data\nodes\0] free: 4.9gb[12.1%], replicas will not be assigned to this node
[2018-12-01T01:44:05,297][INFO ][o.e.c.r.a.DiskThresholdMonitor] [w4-p4KE] low disk watermark [85%] exceeded on [w4-p4KE4RJSXijXQNX6_mw][w4-p4KE][C:\Users\user1\Desktop\git\Lections_Share\elasticsearch-6.5.1\data\nodes\0] free: 4.9gb[12.1%], replicas will not be assigned to this node
[2018-12-01T01:44:35,300][INFO ][o.e.c.r.a.DiskThresholdMonitor] [w4-p4KE] low disk watermark [85%] exceeded on [w4-p4KE4RJSXijXQNX6_mw][w4-p4KE][C:\Users\user1\Desktop\git\Lections_Share\elasticsearch-6.5.1\data\nodes\0] free: 4.9gb[12.1%], replicas will not be assigned to this node
[2018-12-01T01:45:05,305][INFO ][o.e.c.r.a.DiskThresholdMonitor] [w4-p4KE] low disk watermark [85%] exceeded on [w4-p4KE4RJSXijXQNX6_mw][w4-p4KE][C:\Users\user1\Desktop\git\Lections_Share\elasticsearch-6.5.1\data\nodes\0] free: 4.9gb[12.1%], replicas will not be assigned to this node
[2018-12-01T01:45:35,308][INFO ][o.e.c.r.a.DiskThresholdMonitor] [w4-p4KE] low disk watermark [85%] exceeded on [w4-p4KE4RJSXijXQNX6_mw][w4-p4KE][C:\Users\user1\Desktop\git\Lections_Share\elasticsearch-6.5.1\data\nodes\0] free: 4.9gb[12.1%], replicas will not be assigned to this node
[2018-12-01T01:46:05,314][INFO ][o.e.c.r.a.DiskThresholdMonitor] [w4-p4KE] low disk watermark [85%] exceeded on [w4-p4KE4RJSXijXQNX6_mw][w4-p4KE][C:\Users\user1\Desktop\git\Lections_Share\elasticsearch-6.5.1\data\nodes\0] free: 4.9gb[12.1%], replicas will not be assigned to this node
[2018-12-01T01:46:35,326][INFO ][o.e.c.r.a.DiskThresholdMonitor] [w4-p4KE] low disk watermark [85%] exceeded on [w4-p4KE4RJSXijXQNX6_mw][w4-p4KE][C:\Users\user1\Desktop\git\Lections_Share\elasticsearch-6.5.1\data\nodes\0] free: 4.9gb[12.1%], replicas will not be assigned to this node
[2018-12-01T01:47:05,344][INFO ][o.e.c.r.a.DiskThresholdMonitor] [w4-p4KE] low disk watermark [85%] exceeded on [w4-p4KE4RJSXijXQNX6_mw][w4-p4KE][C:\Users\user1\Desktop\git\Lections_Share\elasticsearch-6.5.1\data\nodes\0] free: 4.9gb[12.1%], replicas will not be assigned to this node
[2018-12-01T01:47:35,353][INFO ][o.e.c.r.a.DiskThresholdMonitor] [w4-p4KE] low disk watermark [85%] exceeded on [w4-p4KE4RJSXijXQNX6_mw][w4-p4KE][C:\Users\user1\Desktop\git\Lections_Share\elasticsearch-6.5.1\data\nodes\0] free: 4.9gb[12.1%], replicas will not be assigned to this node
[2018-12-01T01:48:05,361][INFO ][o.e.c.r.a.DiskThresholdMonitor] [w4-p4KE] low disk watermark [85%] exceeded on [w4-p4KE4RJSXijXQNX6_mw][w4-p4KE][C:\Users\user1\Desktop\git\Lections_Share\elasticsearch-6.5.1\data\nodes\0] free: 4.9gb[12.1%], replicas will not be assigned to this node
[2018-12-01T01:48:35,423][INFO ][o.e.c.r.a.DiskThresholdMonitor] [w4-p4KE] low disk watermark [85%] exceeded on [w4-p4KE4RJSXijXQNX6_mw][w4-p4KE][C:\Users\user1\Desktop\git\Lections_Share\elasticsearch-6.5.1\data\nodes\0] free: 4.9gb[12.1%], replicas will not be assigned to this node
[2018-12-01T01:49:05,452][INFO ][o.e.c.r.a.DiskThresholdMonitor] [w4-p4KE] low disk watermark [85%] exceeded on [w4-p4KE4RJSXijXQNX6_mw][w4-p4KE][C:\Users\user1\Desktop\git\Lections_Share\elasticsearch-6.5.1\data\nodes\0] free: 4.9gb[12.1%], replicas will not be assigned to this node
[2018-12-01T01:49:35,499][INFO ][o.e.c.r.a.DiskThresholdMonitor] [w4-p4KE] low disk watermark [85%] exceeded on [w4-p4KE4RJSXijXQNX6_mw][w4-p4KE][C:\Users\user1\Desktop\git\Lections_Share\elasticsearch-6.5.1\data\nodes\0] free: 4.9gb[12.1%], replicas will not be assigned to this node
[2018-12-01T01:50:05,501][INFO ][o.e.c.r.a.DiskThresholdMonitor] [w4-p4KE] low disk watermark [85%] exceeded on [w4-p4KE4RJSXijXQNX6_mw][w4-p4KE][C:\Users\user1\Desktop\git\Lections_Share\elasticsearch-6.5.1\data\nodes\0] free: 4.9gb[12.1%], replicas will not be assigned to this node
[2018-12-01T01:50:35,504][INFO ][o.e.c.r.a.DiskThresholdMonitor] [w4-p4KE] low disk watermark [85%] exceeded on [w4-p4KE4RJSXijXQNX6_mw][w4-p4KE][C:\Users\user1\Desktop\git\Lections_Share\elasticsearch-6.5.1\data\nodes\0] free: 4.9gb[12.1%], replicas will not be assigned to this node
[2018-12-01T01:51:05,510][INFO ][o.e.c.r.a.DiskThresholdMonitor] [w4-p4KE] low disk watermark [85%] exceeded on [w4-p4KE4RJSXijXQNX6_mw][w4-p4KE][C:\Users\user1\Desktop\git\Lections_Share\elasticsearch-6.5.1\data\nodes\0] free: 4.9gb[12.1%], replicas will not be assigned to this node
[2018-12-01T01:51:35,522][INFO ][o.e.c.r.a.DiskThresholdMonitor] [w4-p4KE] low disk watermark [85%] exceeded on [w4-p4KE4RJSXijXQNX6_mw][w4-p4KE][C:\Users\user1\Desktop\git\Lections_Share\elasticsearch-6.5.1\data\nodes\0] free: 4.9gb[12.1%], replicas will not be assigned to this node
[2018-12-01T01:52:05,526][INFO ][o.e.c.r.a.DiskThresholdMonitor] [w4-p4KE] low disk watermark [85%] exceeded on [w4-p4KE4RJSXijXQNX6_mw][w4-p4KE][C:\Users\user1\Desktop\git\Lections_Share\elasticsearch-6.5.1\data\nodes\0] free: 4.9gb[12.1%], replicas will not be assigned to this node
[2018-12-01T01:52:35,532][INFO ][o.e.c.r.a.DiskThresholdMonitor] [w4-p4KE] low disk watermark [85%] exceeded on [w4-p4KE4RJSXijXQNX6_mw][w4-p4KE][C:\Users\user1\Desktop\git\Lections_Share\elasticsearch-6.5.1\data\nodes\0] free: 4.9gb[12.1%], replicas will not be assigned to this node
[2018-12-01T01:53:05,542][INFO ][o.e.c.r.a.DiskThresholdMonitor] [w4-p4KE] low disk watermark [85%] exceeded on [w4-p4KE4RJSXijXQNX6_mw][w4-p4KE][C:\Users\user1\Desktop\git\Lections_Share\elasticsearch-6.5.1\data\nodes\0] free: 4.9gb[12.1%], replicas will not be assigned to this node
[2018-12-01T01:53:35,559][INFO ][o.e.c.r.a.DiskThresholdMonitor] [w4-p4KE] low disk watermark [85%] exceeded on [w4-p4KE4RJSXijXQNX6_mw][w4-p4KE][C:\Users\user1\Desktop\git\Lections_Share\elasticsearch-6.5.1\data\nodes\0] free: 4.9gb[12.1%], replicas will not be assigned to this node
[2018-12-01T01:54:05,572][INFO ][o.e.c.r.a.DiskThresholdMonitor] [w4-p4KE] low disk watermark [85%] exceeded on [w4-p4KE4RJSXijXQNX6_mw][w4-p4KE][C:\Users\user1\Desktop\git\Lections_Share\elasticsearch-6.5.1\data\nodes\0] free: 4.9gb[12.1%], replicas will not be assigned to this node
[2018-12-01T01:54:35,593][INFO ][o.e.c.r.a.DiskThresholdMonitor] [w4-p4KE] low disk watermark [85%] exceeded on [w4-p4KE4RJSXijXQNX6_mw][w4-p4KE][C:\Users\user1\Desktop\git\Lections_Share\elasticsearch-6.5.1\data\nodes\0] free: 4.9gb[12.1%], replicas will not be assigned to this node
[2018-12-01T01:55:05,615][INFO ][o.e.c.r.a.DiskThresholdMonitor] [w4-p4KE] low disk watermark [85%] exceeded on [w4-p4KE4RJSXijXQNX6_mw][w4-p4KE][C:\Users\user1\Desktop\git\Lections_Share\elasticsearch-6.5.1\data\nodes\0] free: 4.9gb[12.1%], replicas will not be assigned to this node
[2018-12-01T01:55:35,635][INFO ][o.e.c.r.a.DiskThresholdMonitor] [w4-p4KE] low disk watermark [85%] exceeded on [w4-p4KE4RJSXijXQNX6_mw][w4-p4KE][C:\Users\user1\Desktop\git\Lections_Share\elasticsearch-6.5.1\data\nodes\0] free: 4.9gb[12.1%], replicas will not be assigned to this node
[2018-12-01T01:56:05,642][INFO ][o.e.c.r.a.DiskThresholdMonitor] [w4-p4KE] low disk watermark [85%] exceeded on [w4-p4KE4RJSXijXQNX6_mw][w4-p4KE][C:\Users\user1\Desktop\git\Lections_Share\elasticsearch-6.5.1\data\nodes\0] free: 4.9gb[12.1%], replicas will not be assigned to this node
[2018-12-01T01:56:35,701][INFO ][o.e.c.r.a.DiskThresholdMonitor] [w4-p4KE] low disk watermark [85%] exceeded on [w4-p4KE4RJSXijXQNX6_mw][w4-p4KE][C:\Users\user1\Desktop\git\Lections_Share\elasticsearch-6.5.1\data\nodes\0] free: 4.9gb[12.1%], replicas will not be assigned to this node
[2018-12-01T01:57:05,733][INFO ][o.e.c.r.a.DiskThresholdMonitor] [w4-p4KE] low disk watermark [85%] exceeded on [w4-p4KE4RJSXijXQNX6_mw][w4-p4KE][C:\Users\user1\Desktop\git\Lections_Share\elasticsearch-6.5.1\data\nodes\0] free: 4.9gb[12.1%], replicas will not be assigned to this node
[2018-12-01T01:57:35,739][INFO ][o.e.c.r.a.DiskThresholdMonitor] [w4-p4KE] low disk watermark [85%] exceeded on [w4-p4KE4RJSXijXQNX6_mw][w4-p4KE][C:\Users\user1\Desktop\git\Lections_Share\elasticsearch-6.5.1\data\nodes\0] free: 4.9gb[12.1%], replicas will not be assigned to this node
[2018-12-01T01:58:05,746][INFO ][o.e.c.r.a.DiskThresholdMonitor] [w4-p4KE] low disk watermark [85%] exceeded on [w4-p4KE4RJSXijXQNX6_mw][w4-p4KE][C:\Users\user1\Desktop\git\Lections_Share\elasticsearch-6.5.1\data\nodes\0] free: 4.9gb[12.1%], replicas will not be assigned to this node
[2018-12-01T01:58:35,753][INFO ][o.e.c.r.a.DiskThresholdMonitor] [w4-p4KE] low disk watermark [85%] exceeded on [w4-p4KE4RJSXijXQNX6_mw][w4-p4KE][C:\Users\user1\Desktop\git\Lections_Share\elasticsearch-6.5.1\data\nodes\0] free: 4.9gb[12.1%], replicas will not be assigned to this node
[2018-12-01T01:59:05,761][INFO ][o.e.c.r.a.DiskThresholdMonitor] [w4-p4KE] low disk watermark [85%] exceeded on [w4-p4KE4RJSXijXQNX6_mw][w4-p4KE][C:\Users\user1\Desktop\git\Lections_Share\elasticsearch-6.5.1\data\nodes\0] free: 4.9gb[12.1%], replicas will not be assigned to this node
[2018-12-01T01:59:35,764][INFO ][o.e.c.r.a.DiskThresholdMonitor] [w4-p4KE] low disk watermark [85%] exceeded on [w4-p4KE4RJSXijXQNX6_mw][w4-p4KE][C:\Users\user1\Desktop\git\Lections_Share\elasticsearch-6.5.1\data\nodes\0] free: 4.9gb[12.1%], replicas will not be assigned to this node
[2018-12-01T02:00:05,768][INFO ][o.e.c.r.a.DiskThresholdMonitor] [w4-p4KE] low disk watermark [85%] exceeded on [w4-p4KE4RJSXijXQNX6_mw][w4-p4KE][C:\Users\user1\Desktop\git\Lections_Share\elasticsearch-6.5.1\data\nodes\0] free: 4.9gb[12.1%], replicas will not be assigned to this node
[2018-12-01T02:00:35,775][INFO ][o.e.c.r.a.DiskThresholdMonitor] [w4-p4KE] low disk watermark [85%] exceeded on [w4-p4KE4RJSXijXQNX6_mw][w4-p4KE][C:\Users\user1\Desktop\git\Lections_Share\elasticsearch-6.5.1\data\nodes\0] free: 4.9gb[12.1%], replicas will not be assigned to this node
[2018-12-01T02:01:05,779][INFO ][o.e.c.r.a.DiskThresholdMonitor] [w4-p4KE] low disk watermark [85%] exceeded on [w4-p4KE4RJSXijXQNX6_mw][w4-p4KE][C:\Users\user1\Desktop\git\Lections_Share\elasticsearch-6.5.1\data\nodes\0] free: 4.9gb[12.1%], replicas will not be assigned to this node
[2018-12-01T02:01:35,788][INFO ][o.e.c.r.a.DiskThresholdMonitor] [w4-p4KE] low disk watermark [85%] exceeded on [w4-p4KE4RJSXijXQNX6_mw][w4-p4KE][C:\Users\user1\Desktop\git\Lections_Share\elasticsearch-6.5.1\data\nodes\0] free: 4.9gb[12.1%], replicas will not be assigned to this node
[2018-12-01T02:02:05,794][INFO ][o.e.c.r.a.DiskThresholdMonitor] [w4-p4KE] low disk watermark [85%] exceeded on [w4-p4KE4RJSXijXQNX6_mw][w4-p4KE][C:\Users\user1\Desktop\git\Lections_Share\elasticsearch-6.5.1\data\nodes\0] free: 4.9gb[12.1%], replicas will not be assigned to this node
[2018-12-01T02:02:35,798][INFO ][o.e.c.r.a.DiskThresholdMonitor] [w4-p4KE] low disk watermark [85%] exceeded on [w4-p4KE4RJSXijXQNX6_mw][w4-p4KE][C:\Users\user1\Desktop\git\Lections_Share\elasticsearch-6.5.1\data\nodes\0] free: 4.9gb[12.1%], replicas will not be assigned to this node
[2018-12-01T02:03:05,804][INFO ][o.e.c.r.a.DiskThresholdMonitor] [w4-p4KE] low disk watermark [85%] exceeded on [w4-p4KE4RJSXijXQNX6_mw][w4-p4KE][C:\Users\user1\Desktop\git\Lections_Share\elasticsearch-6.5.1\data\nodes\0] free: 4.9gb[12.1%], replicas will not be assigned to this node
[2018-12-01T02:03:35,807][INFO ][o.e.c.r.a.DiskThresholdMonitor] [w4-p4KE] low disk watermark [85%] exceeded on [w4-p4KE4RJSXijXQNX6_mw][w4-p4KE][C:\Users\user1\Desktop\git\Lections_Share\elasticsearch-6.5.1\data\nodes\0] free: 4.9gb[12.1%], replicas will not be assigned to this node
[2018-12-01T02:04:05,812][INFO ][o.e.c.r.a.DiskThresholdMonitor] [w4-p4KE] low disk watermark [85%] exceeded on [w4-p4KE4RJSXijXQNX6_mw][w4-p4KE][C:\Users\user1\Desktop\git\Lections_Share\elasticsearch-6.5.1\data\nodes\0] free: 4.9gb[12.1%], replicas will not be assigned to this node
[2018-12-01T02:04:35,819][INFO ][o.e.c.r.a.DiskThresholdMonitor] [w4-p4KE] low disk watermark [85%] exceeded on [w4-p4KE4RJSXijXQNX6_mw][w4-p4KE][C:\Users\user1\Desktop\git\Lections_Share\elasticsearch-6.5.1\data\nodes\0] free: 4.9gb[12.1%], replicas will not be assigned to this node
[2018-12-01T02:05:05,824][INFO ][o.e.c.r.a.DiskThresholdMonitor] [w4-p4KE] low disk watermark [85%] exceeded on [w4-p4KE4RJSXijXQNX6_mw][w4-p4KE][C:\Users\user1\Desktop\git\Lections_Share\elasticsearch-6.5.1\data\nodes\0] free: 4.9gb[12.1%], replicas will not be assigned to this node
[2018-12-01T02:05:35,830][INFO ][o.e.c.r.a.DiskThresholdMonitor] [w4-p4KE] low disk watermark [85%] exceeded on [w4-p4KE4RJSXijXQNX6_mw][w4-p4KE][C:\Users\user1\Desktop\git\Lections_Share\elasticsearch-6.5.1\data\nodes\0] free: 4.9gb[12.1%], replicas will not be assigned to this node
[2018-12-01T02:06:05,836][INFO ][o.e.c.r.a.DiskThresholdMonitor] [w4-p4KE] low disk watermark [85%] exceeded on [w4-p4KE4RJSXijXQNX6_mw][w4-p4KE][C:\Users\user1\Desktop\git\Lections_Share\elasticsearch-6.5.1\data\nodes\0] free: 4.9gb[12.1%], replicas will not be assigned to this node
[2018-12-01T02:06:35,840][INFO ][o.e.c.r.a.DiskThresholdMonitor] [w4-p4KE] low disk watermark [85%] exceeded on [w4-p4KE4RJSXijXQNX6_mw][w4-p4KE][C:\Users\user1\Desktop\git\Lections_Share\elasticsearch-6.5.1\data\nodes\0] free: 4.9gb[12.1%], replicas will not be assigned to this node
[2018-12-01T02:07:05,850][INFO ][o.e.c.r.a.DiskThresholdMonitor] [w4-p4KE] low disk watermark [85%] exceeded on [w4-p4KE4RJSXijXQNX6_mw][w4-p4KE][C:\Users\user1\Desktop\git\Lections_Share\elasticsearch-6.5.1\data\nodes\0] free: 4.9gb[12.1%], replicas will not be assigned to this node
[2018-12-01T02:07:35,854][INFO ][o.e.c.r.a.DiskThresholdMonitor] [w4-p4KE] low disk watermark [85%] exceeded on [w4-p4KE4RJSXijXQNX6_mw][w4-p4KE][C:\Users\user1\Desktop\git\Lections_Share\elasticsearch-6.5.1\data\nodes\0] free: 4.9gb[12.1%], replicas will not be assigned to this node
[2018-12-01T02:08:05,859][INFO ][o.e.c.r.a.DiskThresholdMonitor] [w4-p4KE] low disk watermark [85%] exceeded on [w4-p4KE4RJSXijXQNX6_mw][w4-p4KE][C:\Users\user1\Desktop\git\Lections_Share\elasticsearch-6.5.1\data\nodes\0] free: 4.9gb[12.1%], replicas will not be assigned to this node
[2018-12-01T02:08:35,865][INFO ][o.e.c.r.a.DiskThresholdMonitor] [w4-p4KE] low disk watermark [85%] exceeded on [w4-p4KE4RJSXijXQNX6_mw][w4-p4KE][C:\Users\user1\Desktop\git\Lections_Share\elasticsearch-6.5.1\data\nodes\0] free: 4.9gb[12.1%], replicas will not be assigned to this node
[2018-12-01T02:09:05,867][INFO ][o.e.c.r.a.DiskThresholdMonitor] [w4-p4KE] low disk watermark [85%] exceeded on [w4-p4KE4RJSXijXQNX6_mw][w4-p4KE][C:\Users\user1\Desktop\git\Lections_Share\elasticsearch-6.5.1\data\nodes\0] free: 4.9gb[12.1%], replicas will not be assigned to this node
[2018-12-01T02:09:35,874][INFO ][o.e.c.r.a.DiskThresholdMonitor] [w4-p4KE] low disk watermark [85%] exceeded on [w4-p4KE4RJSXijXQNX6_mw][w4-p4KE][C:\Users\user1\Desktop\git\Lections_Share\elasticsearch-6.5.1\data\nodes\0] free: 4.9gb[12.1%], replicas will not be assigned to this node
[2018-12-01T02:10:05,881][INFO ][o.e.c.r.a.DiskThresholdMonitor] [w4-p4KE] low disk watermark [85%] exceeded on [w4-p4KE4RJSXijXQNX6_mw][w4-p4KE][C:\Users\user1\Desktop\git\Lections_Share\elasticsearch-6.5.1\data\nodes\0] free: 4.9gb[12.1%], replicas will not be assigned to this node
[2018-12-01T02:10:35,885][INFO ][o.e.c.r.a.DiskThresholdMonitor] [w4-p4KE] low disk watermark [85%] exceeded on [w4-p4KE4RJSXijXQNX6_mw][w4-p4KE][C:\Users\user1\Desktop\git\Lections_Share\elasticsearch-6.5.1\data\nodes\0] free: 4.9gb[12.1%], replicas will not be assigned to this node
[2018-12-01T02:11:05,894][INFO ][o.e.c.r.a.DiskThresholdMonitor] [w4-p4KE] low disk watermark [85%] exceeded on [w4-p4KE4RJSXijXQNX6_mw][w4-p4KE][C:\Users\user1\Desktop\git\Lections_Share\elasticsearch-6.5.1\data\nodes\0] free: 4.9gb[12.1%], replicas will not be assigned to this node
[2018-12-01T02:11:35,902][INFO ][o.e.c.r.a.DiskThresholdMonitor] [w4-p4KE] low disk watermark [85%] exceeded on [w4-p4KE4RJSXijXQNX6_mw][w4-p4KE][C:\Users\user1\Desktop\git\Lections_Share\elasticsearch-6.5.1\data\nodes\0] free: 4.9gb[12.1%], replicas will not be assigned to this node
[2018-12-01T02:12:05,907][INFO ][o.e.c.r.a.DiskThresholdMonitor] [w4-p4KE] low disk watermark [85%] exceeded on [w4-p4KE4RJSXijXQNX6_mw][w4-p4KE][C:\Users\user1\Desktop\git\Lections_Share\elasticsearch-6.5.1\data\nodes\0] free: 4.9gb[12.1%], replicas will not be assigned to this node
[2018-12-01T02:12:35,912][INFO ][o.e.c.r.a.DiskThresholdMonitor] [w4-p4KE] low disk watermark [85%] exceeded on [w4-p4KE4RJSXijXQNX6_mw][w4-p4KE][C:\Users\user1\Desktop\git\Lections_Share\elasticsearch-6.5.1\data\nodes\0] free: 4.9gb[12.1%], replicas will not be assigned to this node
[2018-12-01T02:13:05,918][INFO ][o.e.c.r.a.DiskThresholdMonitor] [w4-p4KE] low disk watermark [85%] exceeded on [w4-p4KE4RJSXijXQNX6_mw][w4-p4KE][C:\Users\user1\Desktop\git\Lections_Share\elasticsearch-6.5.1\data\nodes\0] free: 4.9gb[12.1%], replicas will not be assigned to this node
[2018-12-01T02:13:35,923][INFO ][o.e.c.r.a.DiskThresholdMonitor] [w4-p4KE] low disk watermark [85%] exceeded on [w4-p4KE4RJSXijXQNX6_mw][w4-p4KE][C:\Users\user1\Desktop\git\Lections_Share\elasticsearch-6.5.1\data\nodes\0] free: 4.9gb[12.1%], replicas will not be assigned to this node
